Using pre-set license
Built from '6000.0/staging' branch; Version is '6000.0.55f1 (c5f59906196d) revision 12973465'; Using compiler version '193933523'; Build Type 'Release'
OS: 'Windows 10  (10.0.19045) 64bit Professional' Language: 'es' Physical Memory: 4012 MB
BatchMode: 1, IsHumanControllingUs: 0, StartBugReporterOnCrash: 0, Is64bit: 1
Date: 2025-09-28T18:46:54Z

COMMAND LINE ARGUMENTS:
D:\Datos\Escritorio\Universidad\Aplicaciones\6000.0.55f1\Editor\Unity.exe
-adb2
-batchMode
-noUpm
-name
AssetImportWorker11
-projectPath
D:/Datos/Escritorio/Tutorial_1/PrimerJuego3D
-logFile
Logs/AssetImportWorker11.log
-srvPort
52336
-job-worker-count
1
-background-job-worker-count
8
-gc-helper-count
1
Successfully changed project path to: D:/Datos/Escritorio/Tutorial_1/PrimerJuego3D
D:/Datos/Escritorio/Tutorial_1/PrimerJuego3D
[UnityMemory] Configuration Parameters - Can be set up in boot.config
    "memorysetup-bucket-allocator-granularity=16"
    "memorysetup-bucket-allocator-bucket-count=8"
    "memorysetup-bucket-allocator-block-size=33554432"
    "memorysetup-bucket-allocator-block-count=8"
    "memorysetup-main-allocator-block-size=16777216"
    "memorysetup-thread-allocator-block-size=16777216"
    "memorysetup-gfx-main-allocator-block-size=16777216"
    "memorysetup-gfx-thread-allocator-block-size=16777216"
    "memorysetup-cache-allocator-block-size=4194304"
    "memorysetup-typetree-allocator-block-size=2097152"
    "memorysetup-profiler-bucket-allocator-granularity=16"
    "memorysetup-profiler-bucket-allocator-bucket-count=8"
    "memorysetup-profiler-bucket-allocator-block-size=33554432"
    "memorysetup-profiler-bucket-allocator-block-count=8"
    "memorysetup-profiler-allocator-block-size=16777216"
    "memorysetup-profiler-editor-allocator-block-size=1048576"
    "memorysetup-temp-allocator-size-main=16777216"
    "memorysetup-job-temp-allocator-block-size=2097152"
    "memorysetup-job-temp-allocator-block-size-background=1048576"
    "memorysetup-job-temp-allocator-reduction-small-platforms=262144"
    "memorysetup-allocator-temp-initial-block-size-main=262144"
    "memorysetup-allocator-temp-initial-block-size-worker=262144"
    "memorysetup-temp-allocator-size-background-worker=32768"
    "memorysetup-temp-allocator-size-job-worker=262144"
    "memorysetup-temp-allocator-size-preload-manager=33554432"
    "memorysetup-temp-allocator-size-nav-mesh-worker=65536"
    "memorysetup-temp-allocator-size-audio-worker=65536"
    "memorysetup-temp-allocator-size-cloud-worker=32768"
    "memorysetup-temp-allocator-size-gi-baking-worker=262144"
    "memorysetup-temp-allocator-size-gi-baking-worker=262144"
    "memorysetup-temp-allocator-size-gi-baking-worker=262144"
    "memorysetup-temp-allocator-size-gi-baking-worker=262144"
    "memorysetup-temp-allocator-size-gi-baking-worker=262144"
    "memorysetup-temp-allocator-size-gfx=262144"
Player connection [14640]  Target information:

Player connection [14640]  * "[IP] 192.168.0.12 [Port] 0 [Flags] 2 [Guid] 3849759827 [EditorId] 3849759827 [Version] 1048832 [Id] WindowsEditor(7,Notebook-Lore) [Debug] 1 [PackageName] WindowsEditor [ProjectName] Editor" 

Player connection [14640] Host joined multi-casting on [225.0.0.222:54997]...
Player connection [14640] Host joined alternative multi-casting on [225.0.0.222:34997]...
JobSystem: Creating JobQueue using job-worker-count value 1
Input System module state changed to: Initialized.
[Physics::Module] Initialized fallback backend.
[Physics::Module] Id: 0xdecafbad
Library Redirect Path: Library/
[Physics::Module] Selected backend.
[Physics::Module] Name: PhysX
[Physics::Module] Id: 0xf2b8ea05
[Physics::Module] SDK Version: 4.1.2
[Physics::Module] Integration Version: 1.0.0
[Physics::Module] Threading Mode: Multi-Threaded
Refreshing native plugins compatible for Editor in 882.42 ms, found 3 plugins.
Preloading 0 native plugins for Editor in 0.00 ms.
Initialize engine version: 6000.0.55f1 (c5f59906196d)
[Subsystems] Discovering subsystems at path D:/Datos/Escritorio/Universidad/Aplicaciones/6000.0.55f1/Editor/Data/Resources/UnitySubsystems
[Subsystems] Discovering subsystems at path D:/Datos/Escritorio/Tutorial_1/PrimerJuego3D/Assets
GfxDevice: creating device client; kGfxThreadingModeNonThreaded
Direct3D:
    Version:  Direct3D 11.0 [level 11.1]
    Renderer: Intel(R) HD Graphics (ID=0x22b1)
    Vendor:   Intel
    VRAM:     2006 MB
    Driver:   20.19.15.4549
Initialize mono
Mono path[0] = 'D:/Datos/Escritorio/Universidad/Aplicaciones/6000.0.55f1/Editor/Data/Managed'
Mono path[1] = 'D:/Datos/Escritorio/Universidad/Aplicaciones/6000.0.55f1/Editor/Data/MonoBleedingEdge/lib/mono/unityjit-win32'
Mono config path = 'D:/Datos/Escritorio/Universidad/Aplicaciones/6000.0.55f1/Editor/Data/MonoBleedingEdge/etc'
Using monoOptions --debugger-agent=transport=dt_socket,embedding=1,server=y,suspend=n,address=127.0.0.1:56540
Begin MonoManager ReloadAssembly
Registering precompiled unity dll's ...
Register platform support module: D:/Datos/Escritorio/Universidad/Aplicaciones/6000.0.55f1/Editor/Data/PlaybackEngines/WebGLSupport/UnityEditor.WebGL.Extensions.dll
Register platform support module: D:/Datos/Escritorio/Universidad/Aplicaciones/6000.0.55f1/Editor/Data/PlaybackEngines/WindowsStandaloneSupport/UnityEditor.WindowsStandalone.Extensions.dll

=================================================================
	Native Crash Reporting
=================================================================
Got a UNKNOWN while executing native code. This usually indicates
a fatal error in the mono runtime or one of the native libraries 
used by your application.
=================================================================

=================================================================
	Managed Stacktrace:
=================================================================
=================================================================
Crash!!!
SymInit: Symbol-SearchPath: 'D:/Datos/Escritorio/Universidad/Aplicaciones/6000.0.55f1/Editor/Data/Mono;.;D:\Datos\Escritorio\Tutorial_1\PrimerJuego3D;D:\Datos\Escritorio\Tutorial_1\PrimerJuego3D\Library\BurstCache\JIT;D:\Datos\Escritorio\Universidad\Aplicaciones\6000.0.55f1\Editor;C:\WINDOWS;C:\WINDOWS\system32;', symOptions: 534, UserName: 'Lorena'
OS-Version: 10.0.0
D:\Datos\Escritorio\Universidad\Aplicaciones\6000.0.55f1\Editor\Unity.exe:Unity.exe (00007FF659470000), size: 299008 (result: 0), SymType: '-deferred-', PDB: '', fileVersion: 6000.0.55.62873
C:\WINDOWS\SYSTEM32\ntdll.dll:ntdll.dll (00007FF9640D0000), size: 2064384 (result: 0), SymType: '-deferred-', PDB: '', fileVersion: 10.0.19041.6093
C:\WINDOWS\System32\KERNEL32.DLL:KERNEL32.DLL (00007FF962D70000), size: 794624 (result: 0), SymType: '-deferred-', PDB: '', fileVersion: 10.0.19041.5915
C:\WINDOWS\System32\KERNELBASE.dll:KERNELBASE.dll (00007FF961940000), size: 3104768 (result: 0), SymType: '-deferred-', PDB: '', fileVersion: 10.0.19041.6280
C:\WINDOWS\System32\USER32.dll:USER32.dll (00007FF963570000), size: 1691648 (result: 0), SymType: '-deferred-', PDB: '', fileVersion: 10.0.19041.6157
C:\WINDOWS\System32\win32u.dll:win32u.dll (00007FF961890000), size: 139264 (result: 0), SymType: '-deferred-', PDB: '', fileVersion: 10.0.19041.6280
C:\WINDOWS\System32\GDI32.dll:GDI32.dll (00007FF963DA0000), size: 176128 (result: 0), SymType: '-deferred-', PDB: '', fileVersion: 10.0.19041.6157
C:\WINDOWS\System32\gdi32full.dll:gdi32full.dll (00007FF961D90000), size: 1150976 (result: 0), SymType: '-deferred-', PDB: '', fileVersion: 10.0.19041.6157
C:\WINDOWS\System32\msvcp_win.dll:msvcp_win.dll (00007FF961CF0000), size: 643072 (result: 0), SymType: '-deferred-', PDB: '', fileVersion: 10.0.19041.3636
C:\WINDOWS\System32\ucrtbase.dll:ucrtbase.dll (00007FF961EB0000), size: 1048576 (result: 0), SymType: '-deferred-', PDB: '', fileVersion: 10.0.19041.3636
C:\WINDOWS\System32\IMM32.DLL:IMM32.DLL (00007FF963710000), size: 192512 (result: 0), SymType: '-deferred-', PDB: '', fileVersion: 10.0.19041.6157
D:\Datos\Escritorio\Universidad\Aplicaciones\6000.0.55f1\Editor\Unity.dll:Unity.dll (00007FF8DDE20000), size: 87064576 (result: 0), SymType: '-deferred-', PDB: '', fileVersion: 6000.0.55.62873
C:\WINDOWS\System32\CRYPT32.dll:CRYPT32.dll (00007FF962030000), size: 1429504 (result: 0), SymType: '-deferred-', PDB: '', fileVersion: 10.0.19041.6157
C:\WINDOWS\System32\ADVAPI32.dll:ADVAPI32.dll (00007FF963860000), size: 724992 (result: 0), SymType: '-deferred-', PDB: '', fileVersion: 10.0.19041.6328
C:\WINDOWS\System32\msvcrt.dll:msvcrt.dll (00007FF962E40000), size: 647168 (result: 0), SymType: '-deferred-', PDB: '', fileVersion: 7.0.19041.3636
C:\WINDOWS\System32\sechost.dll:sechost.dll (00007FF963240000), size: 651264 (result: 0), SymType: '-deferred-', PDB: '', fileVersion: 10.0.19041.6328
C:\WINDOWS\System32\RPCRT4.dll:RPCRT4.dll (00007FF963740000), size: 1179648 (result: 0), SymType: '-deferred-', PDB: '', fileVersion: 10.0.19041.6280
C:\WINDOWS\System32\bcrypt.dll:bcrypt.dll (00007FF961FB0000), size: 159744 (result: 0), SymType: '-deferred-', PDB: '', fileVersion: 10.0.19041.5369
C:\WINDOWS\System32\ole32.dll:ole32.dll (00007FF963C70000), size: 1224704 (result: 0), SymType: '-deferred-', PDB: '', fileVersion: 10.0.19041.5915
C:\WINDOWS\System32\combase.dll:combase.dll (00007FF962EE0000), size: 3485696 (result: 0), SymType: '-deferred-', PDB: '', fileVersion: 10.0.19041.6093
C:\WINDOWS\System32\SETUPAPI.dll:SETUPAPI.dll (00007FF962900000), size: 4653056 (result: 0), SymType: '-deferred-', PDB: '', fileVersion: 10.0.19041.5794
C:\WINDOWS\System32\cfgmgr32.dll:cfgmgr32.dll (00007FF961FE0000), size: 319488 (result: 0), SymType: '-deferred-', PDB: '', fileVersion: 10.0.19041.3996
C:\WINDOWS\System32\SHELL32.dll:SHELL32.dll (00007FF962190000), size: 7798784 (result: 0), SymType: '-deferred-', PDB: '', fileVersion: 10.0.19041.6328
C:\WINDOWS\System32\SHLWAPI.dll:SHLWAPI.dll (00007FF963AA0000), size: 372736 (result: 0), SymType: '-deferred-', PDB: '', fileVersion: 10.0.19041.6332
D:\Datos\Escritorio\Universidad\Aplicaciones\6000.0.55f1\Editor\libfbxsdk.dll:libfbxsdk.dll (00007FF8EE610000), size: 8019968 (result: 0), SymType: '-deferred-', PDB: '', fileVersion: 2020.3.7.0
C:\WINDOWS\System32\WS2_32.dll:WS2_32.dll (00007FF963EA0000), size: 438272 (result: 0), SymType: '-deferred-', PDB: '', fileVersion: 10.0.19041.3636
C:\WINDOWS\System32\OLEAUT32.dll:OLEAUT32.dll (00007FF963DD0000), size: 839680 (result: 0), SymType: '-deferred-', PDB: '', fileVersion: 10.0.19041.3636
C:\WINDOWS\System32\WINTRUST.dll:WINTRUST.dll (00007FF9618C0000), size: 471040 (result: 0), SymType: '-deferred-', PDB: '', fileVersion: 10.0.19041.6157
D:\Datos\Escritorio\Universidad\Aplicaciones\6000.0.55f1\Editor\s3tcompress.dll:s3tcompress.dll (00007FF924EB0000), size: 180224 (result: 0), SymType: '-deferred-', PDB: ''
D:\Datos\Escritorio\Universidad\Aplicaciones\6000.0.55f1\Editor\etccompress.dll:etccompress.dll (00007FF8F3440000), size: 5070848 (result: 0), SymType: '-deferred-', PDB: ''
D:\Datos\Escritorio\Universidad\Aplicaciones\6000.0.55f1\Editor\ispc_texcomp.dll:ispc_texcomp.dll (00007FF914D70000), size: 1826816 (result: 0), SymType: '-deferred-', PDB: ''
D:\Datos\Escritorio\Universidad\Aplicaciones\6000.0.55f1\Editor\compress_bc7e.dll:compress_bc7e.dll (00007FF914C10000), size: 1433600 (result: 0), SymType: '-deferred-', PDB: ''
D:\Datos\Escritorio\Universidad\Aplicaciones\6000.0.55f1\Editor\FreeImage.dll:FreeImage.dll (0000000180000000), size: 5783552 (result: 0), SymType: '-deferred-', PDB: '', fileVersion: 3.18.0.0
D:\Datos\Escritorio\Universidad\Aplicaciones\6000.0.55f1\Editor\WinPixEventRuntime.dll:WinPixEventRuntime.dll (00007FF95D080000), size: 53248 (result: 0), SymType: '-deferred-', PDB: '', fileVersion: 1.0.2201.24001
C:\WINDOWS\SYSTEM32\d3d11.dll:d3d11.dll (00007FF95DE30000), size: 2506752 (result: 0), SymType: '-deferred-', PDB: '', fileVersion: 10.0.19041.5794
C:\WINDOWS\SYSTEM32\d3d12.dll:d3d12.dll (00007FF923CE0000), size: 151552 (result: 0), SymType: '-deferred-', PDB: '', fileVersion: 10.0.19041.5794
C:\WINDOWS\SYSTEM32\dxgi.dll:dxgi.dll (00007FF960090000), size: 1007616 (result: 0), SymType: '-deferred-', PDB: '', fileVersion: 10.0.19041.5794
C:\WINDOWS\SYSTEM32\HID.DLL:HID.DLL (00007FF960030000), size: 53248 (result: 0), SymType: '-deferred-', PDB: '', fileVersion: 10.0.19041.3636
C:\WINDOWS\SYSTEM32\IPHLPAPI.DLL:IPHLPAPI.DLL (00007FF960BA0000), size: 241664 (result: 0), SymType: '-deferred-', PDB: '', fileVersion: 10.0.19041.3636
C:\WINDOWS\SYSTEM32\dwmapi.dll:dwmapi.dll (00007FF95F280000), size: 188416 (result: 0), SymType: '-deferred-', PDB: '', fileVersion: 10.0.19041.6157
C:\WINDOWS\SYSTEM32\OPENGL32.dll:OPENGL32.dll (00007FF9374A0000), size: 1212416 (result: 0), SymType: '-deferred-', PDB: '', fileVersion: 10.0.19041.5794
D:\Datos\Escritorio\Universidad\Aplicaciones\6000.0.55f1\Editor\umbraoptimizer64.dll:umbraoptimizer64.dll (00007FF9130C0000), size: 1187840 (result: 0), SymType: '-deferred-', PDB: ''
C:\WINDOWS\SYSTEM32\WINMM.dll:WINMM.dll (00007FF949B50000), size: 159744 (result: 0), SymType: '-deferred-', PDB: '', fileVersion: 10.0.19041.3636
D:\Datos\Escritorio\Universidad\Aplicaciones\6000.0.55f1\Editor\SketchUpAPI.dll:SketchUpAPI.dll (00007FF8E9400000), size: 8990720 (result: 0), SymType: '-deferred-', PDB: '', fileVersion: 23.0.0.0
C:\WINDOWS\SYSTEM32\GLU32.dll:GLU32.dll (00007FF937430000), size: 180224 (result: 0), SymType: '-deferred-', PDB: '', fileVersion: 10.0.19041.3636
C:\WINDOWS\SYSTEM32\VERSION.dll:VERSION.dll (00007FF9514C0000), size: 40960 (result: 0), SymType: '-deferred-', PDB: '', fileVersion: 10.0.19041.3636
C:\WINDOWS\SYSTEM32\WINHTTP.dll:WINHTTP.dll (00007FF955B00000), size: 1089536 (result: 0), SymType: '-deferred-', PDB: '', fileVersion: 10.0.19041.5794
D:\Datos\Escritorio\Universidad\Aplicaciones\6000.0.55f1\Editor\NativeProxyHelper.dll:NativeProxyHelper.dll (00007FF8FBCD0000), size: 1789952 (result: 0), SymType: '-deferred-', PDB: ''
C:\WINDOWS\SYSTEM32\WSOCK32.dll:WSOCK32.dll (00007FF951040000), size: 36864 (result: 0), SymType: '-deferred-', PDB: '', fileVersion: 10.0.19041.1
C:\WINDOWS\SYSTEM32\VCRUNTIME140.dll:VCRUNTIME140.dll (00007FF950590000), size: 122880 (result: 0), SymType: '-deferred-', PDB: '', fileVersion: 14.42.34438.0
C:\WINDOWS\SYSTEM32\VCRUNTIME140_1.dll:VCRUNTIME140_1.dll (00007FF9505B0000), size: 49152 (result: 0), SymType: '-deferred-', PDB: '', fileVersion: 14.42.34438.0
C:\WINDOWS\SYSTEM32\kernel.appcore.dll:kernel.appcore.dll (00007FF95F680000), size: 73728 (result: 0), SymType: '-deferred-', PDB: '', fileVersion: 10.0.19041.3758
D:\Datos\Escritorio\Universidad\Aplicaciones\6000.0.55f1\Editor\SketchUpCommonPreferences.dll:SketchUpCommonPreferences.dll (00007FF9171A0000), size: 499712 (result: 0), SymType: '-deferred-', PDB: '', fileVersion: 23.0.0.0
C:\WINDOWS\SYSTEM32\Secur32.dll:Secur32.dll (00007FF9505C0000), size: 49152 (result: 0), SymType: '-deferred-', PDB: '', fileVersion: 10.0.19041.3636
C:\WINDOWS\SYSTEM32\MSVCP140.dll:MSVCP140.dll (00007FF94FBE0000), size: 577536 (result: 0), SymType: '-deferred-', PDB: '', fileVersion: 14.42.34438.0
D:\Datos\Escritorio\Universidad\Aplicaciones\6000.0.55f1\Editor\OpenRL.dll:OpenRL.dll (000001E54A620000), size: 12779520 (result: 0), SymType: '-deferred-', PDB: '', fileVersion: 1.5.0.2907
C:\WINDOWS\SYSTEM32\MSVCP100.dll:MSVCP100.dll (0000000071530000), size: 622592 (result: 0), SymType: '-deferred-', PDB: '', fileVersion: 10.0.40219.325
C:\WINDOWS\SYSTEM32\MSVCR100.dll:MSVCR100.dll (00000000710D0000), size: 860160 (result: 0), SymType: '-deferred-', PDB: '', fileVersion: 10.0.40219.325
D:\Datos\Escritorio\Universidad\Aplicaciones\6000.0.55f1\Editor\embree.dll:embree.dll (00007FF8DB0E0000), size: 16711680 (result: 0), SymType: '-deferred-', PDB: '', fileVersion: 2.14.0.0
D:\Datos\Escritorio\Universidad\Aplicaciones\6000.0.55f1\Editor\tbb.dll:tbb.dll (00007FF923090000), size: 303104 (result: 0), SymType: '-deferred-', PDB: '', fileVersion: 2020.3.2022.1111
C:\WINDOWS\SYSTEM32\SSPICLI.DLL:SSPICLI.DLL (00007FF9616E0000), size: 204800 (result: 0), SymType: '-deferred-', PDB: '', fileVersion: 10.0.19041.6328
C:\WINDOWS\SYSTEM32\MSWSOCK.DLL:MSWSOCK.DLL (00007FF960EC0000), size: 434176 (result: 0), SymType: '-deferred-', PDB: '', fileVersion: 10.0.19041.5915
D:\Datos\Escritorio\Universidad\Aplicaciones\6000.0.55f1\Editor\OpenRL_pthread.dll:OpenRL_pthread.dll (000001E54A5B0000), size: 61440 (result: 0), SymType: '-deferred-', PDB: '', fileVersion: 2.9.0.0
C:\WINDOWS\SYSTEM32\MSASN1.dll:MSASN1.dll (00007FF9612F0000), size: 73728 (result: 0), SymType: '-deferred-', PDB: '', fileVersion: 10.0.19041.3636
C:\WINDOWS\System32\bcryptprimitives.dll:bcryptprimitives.dll (00007FF961800000), size: 532480 (result: 0), SymType: '-deferred-', PDB: '', fileVersion: 10.0.19041.5007
C:\WINDOWS\system32\uxtheme.dll:uxtheme.dll (00007FF95F190000), size: 647168 (result: 0), SymType: '-deferred-', PDB: '', fileVersion: 10.0.19041.5794
C:\WINDOWS\SYSTEM32\windows.storage.dll:windows.storage.dll (00007FF95F880000), size: 8015872 (result: 0), SymType: '-deferred-', PDB: '', fileVersion: 10.0.19041.6332
C:\WINDOWS\SYSTEM32\Wldp.dll:Wldp.dll (00007FF961160000), size: 176128 (result: 0), SymType: '-deferred-', PDB: '', fileVersion: 10.0.19041.5794
C:\WINDOWS\System32\SHCORE.dll:SHCORE.dll (00007FF963BB0000), size: 708608 (result: 0), SymType: '-deferred-', PDB: '', fileVersion: 10.0.19041.5794
C:\WINDOWS\SYSTEM32\profapi.dll:profapi.dll (00007FF961730000), size: 147456 (result: 0), SymType: '-deferred-', PDB: '', fileVersion: 10.0.19041.6033
C:\WINDOWS\system32\IconCodecService.dll:IconCodecService.dll (00007FF9000F0000), size: 36864 (result: 0), SymType: '-deferred-', PDB: '', fileVersion: 10.0.19041.1
C:\WINDOWS\SYSTEM32\WindowsCodecs.dll:WindowsCodecs.dll (00007FF95EFD0000), size: 1794048 (result: 0), SymType: '-deferred-', PDB: '', fileVersion: 10.0.19041.6328
C:\WINDOWS\System32\clbcatq.dll:clbcatq.dll (00007FF963B00000), size: 692224 (result: 0), SymType: '-deferred-', PDB: '', fileVersion: 2001.12.10941.16384
C:\WINDOWS\System32\netprofm.dll:netprofm.dll (00007FF95CED0000), size: 258048 (result: 0), SymType: '-deferred-', PDB: '', fileVersion: 10.0.19041.4355
C:\WINDOWS\System32\NSI.dll:NSI.dll (00007FF964080000), size: 32768 (result: 0), SymType: '-deferred-', PDB: '', fileVersion: 10.0.19041.3636
C:\WINDOWS\SYSTEM32\dhcpcsvc6.DLL:dhcpcsvc6.DLL (00007FF955E40000), size: 94208 (result: 0), SymType: '-deferred-', PDB: '', fileVersion: 10.0.19041.3636
C:\WINDOWS\SYSTEM32\dhcpcsvc.DLL:dhcpcsvc.DLL (00007FF956BA0000), size: 118784 (result: 0), SymType: '-deferred-', PDB: '', fileVersion: 10.0.19041.3636
C:\WINDOWS\SYSTEM32\DNSAPI.dll:DNSAPI.dll (00007FF960BE0000), size: 827392 (result: 0), SymType: '-deferred-', PDB: '', fileVersion: 10.0.19041.5369
C:\WINDOWS\system32\napinsp.dll:napinsp.dll (00007FF949720000), size: 94208 (result: 0), SymType: '-deferred-', PDB: '', fileVersion: 10.0.19041.3636
C:\WINDOWS\system32\pnrpnsp.dll:pnrpnsp.dll (00007FF9496F0000), size: 110592 (result: 0), SymType: '-deferred-', PDB: '', fileVersion: 10.0.19041.3636
C:\WINDOWS\system32\wshbth.dll:wshbth.dll (00007FF95A370000), size: 118784 (result: 0), SymType: '-deferred-', PDB: '', fileVersion: 10.0.19041.5848
C:\WINDOWS\System32\npmproxy.dll:npmproxy.dll (00007FF947980000), size: 65536 (result: 0), SymType: '-deferred-', PDB: '', fileVersion: 10.0.19041.4239
C:\WINDOWS\system32\NLAapi.dll:NLAapi.dll (00007FF95CF40000), size: 118784 (result: 0), SymType: '-deferred-', PDB: '', fileVersion: 10.0.19041.4123
C:\WINDOWS\System32\winrnr.dll:winrnr.dll (00007FF9496D0000), size: 73728 (result: 0), SymType: '-deferred-', PDB: '', fileVersion: 10.0.19041.3636
C:\WINDOWS\System32\fwpuclnt.dll:fwpuclnt.dll (00007FF954420000), size: 524288 (result: 0), SymType: '-deferred-', PDB: '', fileVersion: 10.0.19041.6328
C:\Windows\System32\rasadhlp.dll:rasadhlp.dll (00007FF9583C0000), size: 40960 (result: 0), SymType: '-deferred-', PDB: '', fileVersion: 10.0.19041.6328
D:\Datos\Escritorio\Universidad\Aplicaciones\6000.0.55f1\Editor\AMDUnityPlugin.DLL:AMDUnityPlugin.DLL (00007FF8EA100000), size: 8826880 (result: 0), SymType: '-deferred-', PDB: ''
D:\Datos\Escritorio\Universidad\Aplicaciones\6000.0.55f1\Editor\NVUnityPlugin.DLL:NVUnityPlugin.DLL (00007FF8F9790000), size: 1605632 (result: 0), SymType: '-deferred-', PDB: ''
D:\Datos\Escritorio\Universidad\Aplicaciones\6000.0.55f1\Editor\Data\Tools\astcenc-sse42.dll:astcenc-sse42.dll (00007FF916E90000), size: 368640 (result: 0), SymType: '-deferred-', PDB: ''
C:\WINDOWS\System32\MMDevApi.dll:MMDevApi.dll (00007FF9587B0000), size: 544768 (result: 0), SymType: '-deferred-', PDB: '', fileVersion: 10.0.19041.5915
C:\WINDOWS\System32\DEVOBJ.dll:DEVOBJ.dll (00007FF9614C0000), size: 208896 (result: 0), SymType: '-deferred-', PDB: '', fileVersion: 10.0.19041.5794
C:\WINDOWS\SYSTEM32\igd10iumd64.dll:igd10iumd64.dll (00007FF956C30000), size: 16105472 (result: 0), SymType: '-deferred-', PDB: '', fileVersion: 20.19.15.4549
C:\WINDOWS\SYSTEM32\ncrypt.dll:ncrypt.dll (00007FF9611D0000), size: 159744 (result: 0), SymType: '-deferred-', PDB: '', fileVersion: 10.0.19041.5007
C:\WINDOWS\SYSTEM32\apphelp.dll:apphelp.dll (00007FF95EDE0000), size: 606208 (result: 0), SymType: '-deferred-', PDB: '', fileVersion: 10.0.19041.6157
C:\WINDOWS\SYSTEM32\NTASN1.dll:NTASN1.dll (00007FF961190000), size: 241664 (result: 0), SymType: '-deferred-', PDB: '', fileVersion: 10.0.19041.3636
C:\WINDOWS\SYSTEM32\igdusc64.dll:igdusc64.dll (00007FF9560D0000), size: 10747904 (result: 0), SymType: '-deferred-', PDB: '', fileVersion: 20.19.15.4549
C:\WINDOWS\SYSTEM32\dxcore.dll:dxcore.dll (00007FF957C10000), size: 241664 (result: 0), SymType: '-deferred-', PDB: '', fileVersion: 10.0.19041.5794
C:\WINDOWS\SYSTEM32\opencl.dll:opencl.dll (00007FF921E20000), size: 106496 (result: 0), SymType: '-deferred-', PDB: '', fileVersion: 2.0.2.0
D:\Datos\Escritorio\Universidad\Aplicaciones\6000.0.55f1\Editor\radeonrays.dll:radeonrays.dll (00007FF8FD870000), size: 344064 (result: 0), SymType: '-deferred-', PDB: ''
D:\Datos\Escritorio\Universidad\Aplicaciones\6000.0.55f1\Editor\Data\MonoBleedingEdge\EmbedRuntime\mono-2.0-bdwgc.dll:mono-2.0-bdwgc.dll (00007FF8E4570000), size: 10760192 (result: 0), SymType: '-deferred-', PDB: ''
C:\WINDOWS\SYSTEM32\dbghelp.dll:dbghelp.dll (00007FF94F940000), size: 2101248 (result: 0), SymType: '-deferred-', PDB: '', fileVersion: 10.0.19041.5848

========== OUTPUTTING STACK TRACE ==================

0x00007FF8DFC08C3F (Unity) BuildPlayerLicenseCheck
0x00007FF8DFC1BA26 (Unity) IsBuildPlatformSupported
0x00007FF8DFF3AF58 (Unity) RegisterUnityPrecompiledAssemblies
0x00007FF8DE027B97 (Unity) CallbackArray::Invoke
0x00007FF8DED33F0D (Unity) MonoManager::ReloadAssembly
0x00007FF8DFF4CD09 (Unity) LoadDomainAndUnityAssemblies
0x00007FF8DFAB5597 (Unity) Application::InitializeProject
0x00007FF8E00A1655 (Unity) UnityMain
0x00007FF659472FBA (Unity) __scrt_common_main_seh
0x00007FF962D87374 (KERNEL32) BaseThreadInitThunk
0x00007FF96411CC91 (ntdll) RtlUserThreadStart

========== END OF STACKTRACE ===========

A crash has been intercepted by the crash handler. For call stack and other details, see the latest crash report generated in:
 * C:/Users/Lorena/AppData/Local/Temp/Unity/Editor/Crashes
